<?xml version="1.0" encoding="UTF-8"?>
<robot generator="Robot 5.0 (Python 3.10.1 on win32)" generated="20220410 14:31:15.041" rpa="false" schemaversion="3">
<suite id="s1" name="Tests" source="D:\Kurssit\ohjelmistotuotanto\ohtu-miniprojekti\src\tests">
<suite id="s1-s1" name="Home" source="D:\Kurssit\ohjelmistotuotanto\ohtu-miniprojekti\src\tests\home.robot">
<kw name="Open And Configure Browser" library="resource" type="SETUP">
<kw name="Open Browser" library="SeleniumLibrary">
<arg>browser=${BROWSER}</arg>
<doc>Opens a new browser instance to the optional ``url``.</doc>
<msg timestamp="20220410 14:31:15.218" level="INFO">Opening browser 'chrome' to base url 'None'.</msg>
<status status="PASS" starttime="20220410 14:31:15.217" endtime="20220410 14:31:16.383"/>
</kw>
<kw name="Maximize Browser Window" library="SeleniumLibrary">
<doc>Maximizes current browser window.</doc>
<status status="PASS" starttime="20220410 14:31:16.383" endtime="20220410 14:31:16.498"/>
</kw>
<kw name="Set Selenium Speed" library="SeleniumLibrary">
<arg>${DELAY}</arg>
<doc>Sets the delay that is waited after each Selenium command.</doc>
<status status="PASS" starttime="20220410 14:31:16.498" endtime="20220410 14:31:16.499"/>
</kw>
<status status="PASS" starttime="20220410 14:31:15.217" endtime="20220410 14:31:16.499"/>
</kw>
<test id="s1-s1-t1" name="Main Page Open" line="9">
<kw name="Go To Main Page" library="resource" type="SETUP">
<kw name="Go To" library="SeleniumLibrary">
<arg>${HOME URL}</arg>
<doc>Navigates the current browser window to the provided ``url``.</doc>
<msg timestamp="20220410 14:31:16.502" level="INFO">Opening url 'http://localhost:5000'</msg>
<status status="PASS" starttime="20220410 14:31:16.502" endtime="20220410 14:31:16.863"/>
</kw>
<status status="PASS" starttime="20220410 14:31:16.501" endtime="20220410 14:31:16.863"/>
</kw>
<kw name="Main Page Should Be Open" library="resource">
<kw name="Title Should Be" library="SeleniumLibrary">
<arg>Lukuvinkit</arg>
<doc>Verifies that the current page title equals ``title``.</doc>
<msg timestamp="20220410 14:31:16.867" level="INFO">Page title is 'Lukuvinkit'.</msg>
<status status="PASS" starttime="20220410 14:31:16.864" endtime="20220410 14:31:16.867"/>
</kw>
<status status="PASS" starttime="20220410 14:31:16.863" endtime="20220410 14:31:16.867"/>
</kw>
<status status="PASS" starttime="20220410 14:31:16.500" endtime="20220410 14:31:16.867"/>
</test>
<test id="s1-s1-t2" name="Click Register Link" line="12">
<kw name="Go To Main Page" library="resource" type="SETUP">
<kw name="Go To" library="SeleniumLibrary">
<arg>${HOME URL}</arg>
<doc>Navigates the current browser window to the provided ``url``.</doc>
<msg timestamp="20220410 14:31:16.869" level="INFO">Opening url 'http://localhost:5000'</msg>
<status status="PASS" starttime="20220410 14:31:16.869" endtime="20220410 14:31:16.882"/>
</kw>
<status status="PASS" starttime="20220410 14:31:16.869" endtime="20220410 14:31:16.882"/>
</kw>
<kw name="Click Button" library="SeleniumLibrary">
<arg>Rekisteröidy</arg>
<doc>Clicks the button identified by ``locator``.</doc>
<msg timestamp="20220410 14:31:16.883" level="INFO">Clicking button 'Rekisteröidy'.</msg>
<status status="PASS" starttime="20220410 14:31:16.882" endtime="20220410 14:31:16.929"/>
</kw>
<kw name="Register Page Should Be Open" library="resource">
<kw name="Title Should Be" library="SeleniumLibrary">
<arg>Rekisteröinti</arg>
<doc>Verifies that the current page title equals ``title``.</doc>
<msg timestamp="20220410 14:31:16.931" level="INFO">Page title is 'Rekisteröinti'.</msg>
<status status="PASS" starttime="20220410 14:31:16.929" endtime="20220410 14:31:16.931"/>
</kw>
<status status="PASS" starttime="20220410 14:31:16.929" endtime="20220410 14:31:16.932"/>
</kw>
<status status="PASS" starttime="20220410 14:31:16.868" endtime="20220410 14:31:16.932"/>
</test>
<kw name="Close Browser" library="SeleniumLibrary" type="TEARDOWN">
<doc>Closes the current browser.</doc>
<status status="PASS" starttime="20220410 14:31:16.933" endtime="20220410 14:31:19.022"/>
</kw>
<status status="PASS" starttime="20220410 14:31:15.060" endtime="20220410 14:31:19.022"/>
</suite>
<status status="PASS" starttime="20220410 14:31:15.042" endtime="20220410 14:31:19.032"/>
</suite>
<statistics>
<total>
<stat pass="2" fail="0" skip="0">All Tests</stat>
</total>
<tag>
</tag>
<suite>
<stat pass="2" fail="0" skip="0" id="s1" name="Tests">Tests</stat>
<stat pass="2" fail="0" skip="0" id="s1-s1" name="Home">Tests.Home</stat>
</suite>
</statistics>
<errors>
</errors>
</robot>
