<?xml version="1.0" encoding="UTF-8"?>
<robot generator="Robot 5.0 (Python 3.10.1 on win32)" generated="20220410 14:38:55.920" rpa="false" schemaversion="3">
<suite id="s1" name="Tests" source="D:\Kurssit\ohjelmistotuotanto\ohtu-miniprojekti\src\tests">
<suite id="s1-s1" name="Home" source="D:\Kurssit\ohjelmistotuotanto\ohtu-miniprojekti\src\tests\home.robot">
<kw name="Open And Configure Browser" library="resource" type="SETUP">
<kw name="Open Browser" library="SeleniumLibrary">
<arg>browser=${BROWSER}</arg>
<doc>Opens a new browser instance to the optional ``url``.</doc>
<msg timestamp="20220410 14:38:56.100" level="INFO">Opening browser 'chrome' to base url 'None'.</msg>
<status status="PASS" starttime="20220410 14:38:56.100" endtime="20220410 14:38:57.228"/>
</kw>
<kw name="Maximize Browser Window" library="SeleniumLibrary">
<doc>Maximizes current browser window.</doc>
<status status="PASS" starttime="20220410 14:38:57.228" endtime="20220410 14:38:57.360"/>
</kw>
<kw name="Set Selenium Speed" library="SeleniumLibrary">
<arg>${DELAY}</arg>
<doc>Sets the delay that is waited after each Selenium command.</doc>
<status status="PASS" starttime="20220410 14:38:57.360" endtime="20220410 14:38:57.360"/>
</kw>
<status status="PASS" starttime="20220410 14:38:56.099" endtime="20220410 14:38:57.360"/>
</kw>
<test id="s1-s1-t1" name="Main Page Open" line="9">
<kw name="Go To Main Page" library="resource" type="SETUP">
<kw name="Go To" library="SeleniumLibrary">
<arg>${HOME URL}</arg>
<doc>Navigates the current browser window to the provided ``url``.</doc>
<msg timestamp="20220410 14:38:57.363" level="INFO">Opening url 'http://localhost:5000'</msg>
<status status="PASS" starttime="20220410 14:38:57.362" endtime="20220410 14:38:57.723"/>
</kw>
<status status="PASS" starttime="20220410 14:38:57.362" endtime="20220410 14:38:57.723"/>
</kw>
<kw name="Main Page Should Be Open" library="resource">
<kw name="Title Should Be" library="SeleniumLibrary">
<arg>Lukuvinkit</arg>
<doc>Verifies that the current page title equals ``title``.</doc>
<msg timestamp="20220410 14:38:57.728" level="INFO">Page title is 'Lukuvinkit'.</msg>
<status status="PASS" starttime="20220410 14:38:57.724" endtime="20220410 14:38:57.728"/>
</kw>
<status status="PASS" starttime="20220410 14:38:57.724" endtime="20220410 14:38:57.728"/>
</kw>
<status status="PASS" starttime="20220410 14:38:57.361" endtime="20220410 14:38:57.729"/>
</test>
<test id="s1-s1-t2" name="Click Register Link" line="12">
<kw name="Go To Main Page" library="resource" type="SETUP">
<kw name="Go To" library="SeleniumLibrary">
<arg>${HOME URL}</arg>
<doc>Navigates the current browser window to the provided ``url``.</doc>
<msg timestamp="20220410 14:38:57.730" level="INFO">Opening url 'http://localhost:5000'</msg>
<status status="PASS" starttime="20220410 14:38:57.730" endtime="20220410 14:38:57.743"/>
</kw>
<status status="PASS" starttime="20220410 14:38:57.730" endtime="20220410 14:38:57.743"/>
</kw>
<kw name="Click Button" library="SeleniumLibrary">
<arg>Rekisteröidy</arg>
<doc>Clicks the button identified by ``locator``.</doc>
<msg timestamp="20220410 14:38:57.744" level="INFO">Clicking button 'Rekisteröidy'.</msg>
<status status="PASS" starttime="20220410 14:38:57.744" endtime="20220410 14:38:57.790"/>
</kw>
<kw name="Register Page Should Be Open" library="resource">
<kw name="Title Should Be" library="SeleniumLibrary">
<arg>Rekisteröinti</arg>
<doc>Verifies that the current page title equals ``title``.</doc>
<msg timestamp="20220410 14:38:57.793" level="INFO">Page title is 'Rekisteröinti'.</msg>
<status status="PASS" starttime="20220410 14:38:57.791" endtime="20220410 14:38:57.793"/>
</kw>
<status status="PASS" starttime="20220410 14:38:57.790" endtime="20220410 14:38:57.793"/>
</kw>
<status status="PASS" starttime="20220410 14:38:57.730" endtime="20220410 14:38:57.793"/>
</test>
<kw name="Close Browser" library="SeleniumLibrary" type="TEARDOWN">
<doc>Closes the current browser.</doc>
<status status="PASS" starttime="20220410 14:38:57.795" endtime="20220410 14:38:59.876"/>
</kw>
<status status="PASS" starttime="20220410 14:38:55.940" endtime="20220410 14:38:59.876"/>
</suite>
<status status="PASS" starttime="20220410 14:38:55.922" endtime="20220410 14:38:59.887"/>
</suite>
<statistics>
<total>
<stat pass="2" fail="0" skip="0">All Tests</stat>
</total>
<tag>
</tag>
<suite>
<stat pass="2" fail="0" skip="0" id="s1" name="Tests">Tests</stat>
<stat pass="2" fail="0" skip="0" id="s1-s1" name="Home">Tests.Home</stat>
</suite>
</statistics>
<errors>
</errors>
</robot>
